0
28
56
84
112
140
168
196
224
252
280
308
336
364
392
420
448
476
504
532
560
588
616
644
672
700
728
756
784
812
840
868
896
924
952
980
1008
1036
1064
1092
1120
1148
1176
1204
1232
1260
1288
1316
1344
1372
1400
1428
1456
1484
1512
1540
1568
1596
1624
1652
1680
1708
1736
1764
1792
1820
1848
1876
1904
1932
1960
1988
2016
2044
2072
2100
2128
2156
2184
2212
2240
2268
2296
2324
2352
2380
2408
2436
2464
2492
2520
2548
2576
2604
2632
2660
2688
2716
2744
2772
2800
2828
2856
2884
2912
2940
2968
2996
3024
3052
3080
3108
3136
3164
3192
3220
3248
3276
3304
3332
3360
3388
3416
3444
3472
3500
3528
3556
3584
3612
3640
3668
3696
3724
3752
3780
3808
3836
3864
3892
3920
3948
3976
4004
4032
4060
4088
4116
4144
4172
4200
4228
4256
4284
4312
4340
4368
4396
4424
4452
4480
4508
4536
4564
4592
4620
4648
4676
4704
4732
4760
4788
4816
4844
4872
4900
4928
4956
4984
5012
5040
5068
5096
5124
5152
5180
5208
5236
5264
5292
5320
5348
5376
5404
5432
5460
5488
5516
5544
5572
5600
5628
5656
5684
5712
5740
5768
5796
5824
5852
5880
5908
5936
5964
5992
6020
6048
6076
6104
6132
6160
6188
6216
6244
6272
6300
6328
6356
6384
6412
6440
6468
6496
6524
6552
6580
6608
6636
6664
6692
6720
6748
6776
6804
6832
6860
6888
6916
6944
6972
7000
7028
7056
7084
7112
7140
7168
7196
7224
7252
7280
7308
7336
7364
7392
7420
7448
7476
7504
7532
7560
7588
7616
7644
7672
7700
7728
7756
7784
7812
7840
7868
7896
7924
7952
7980
8008
8036
8064
8092
8120
8148
8176
8204
8232
8260
8288
8316
8344
8372
8400
8428
8456
8484
8512
8540
8568
8596
8624
8652
8680
8708
8736
8764
8792
8820
8848
8876
8904
8932
8960
8988
9016
9044
9072
9100
9128
9156
9184
9212
9240
9268
9296
9324
9352
9380
9408
9436
9464
9492
9520
9548
9576
9604
9632
9660
9688
9716
9744
9772
9800
9828
9856
9884
9912
9940
9968
9996
10024
10052
10080
10108
10136
10164
10192
10220
10248
10276
10304
10332
10360
10388
10416
10444
10472
10500
10528
10556
10584
10612
10640
10668
10696
10724
10752
10780
10808
10836
10864
10892
10920
10948
10976
11004
11032
11060
11088
11116
11144
11172
11200
11228
11256
11284
11312
11340
11368
11396
11424
11452
11480
11508
11536
11564
11592
11620
11648
11676
11704
11732
11760
11788
11816
11844
11872
11900
11928
11956
11984
12012
12040
12068
12096
12124
12152
12180
12208
12236
12264
12292
12320
12348
12376
